<?xml version="1.0" encoding="UTF-8"?>
<testsuite name="com.ldz.tet.physics.debugger.impl.PhysicsDebuggerFilesIOErrorTest" tests="1" skipped="0" failures="0" errors="0" timestamp="2018-01-29T22:14:03" hostname="Loic-PC" time="0.172">
  <properties/>
  <testcase name="testIOExceptionWhileReadingFile" classname="com.ldz.tet.physics.debugger.impl.PhysicsDebuggerFilesIOErrorTest" time="0.172"/>
  <system-out><![CDATA[]]></system-out>
  <system-err><![CDATA[]]></system-err>
</testsuite>
