<?xml version="1.0" encoding="UTF-8"?>
<testsuite name="com.ldz.tet.physics.debugger.impl.PhysicsDebuggerTest" tests="6" skipped="0" failures="0" errors="0" timestamp="2018-01-30T19:34:26" hostname="Loic-PC" time="0.016">
  <properties/>
  <testcase name="testLimiterError" classname="com.ldz.tet.physics.debugger.impl.PhysicsDebuggerTest" time="0.016"/>
  <testcase name="testIsNotDebugEnabled" classname="com.ldz.tet.physics.debugger.impl.PhysicsDebuggerTest" time="0.0"/>
  <testcase name="testGetter" classname="com.ldz.tet.physics.debugger.impl.PhysicsDebuggerTest" time="0.0"/>
  <testcase name="testIsDebugEnabled" classname="com.ldz.tet.physics.debugger.impl.PhysicsDebuggerTest" time="0.0"/>
  <testcase name="testErrorWhileReading" classname="com.ldz.tet.physics.debugger.impl.PhysicsDebuggerTest" time="0.0"/>
  <testcase name="testGetInstance" classname="com.ldz.tet.physics.debugger.impl.PhysicsDebuggerTest" time="0.0"/>
  <system-out><![CDATA[]]></system-out>
  <system-err><![CDATA[]]></system-err>
</testsuite>
