<?xml version="1.0" encoding="UTF-8"?>
<testsuite name="com.ldz.tet.shape.debugger.impl.ShapeDebuggerTest" tests="3" skipped="0" failures="0" errors="0" timestamp="2018-01-29T22:14:06" hostname="Loic-PC" time="0.51">
  <properties/>
  <testcase name="pushDrawEvent" classname="com.ldz.tet.shape.debugger.impl.ShapeDebuggerTest" time="0.489"/>
  <testcase name="test_getInstance" classname="com.ldz.tet.shape.debugger.impl.ShapeDebuggerTest" time="0.005"/>
  <testcase name="render" classname="com.ldz.tet.shape.debugger.impl.ShapeDebuggerTest" time="0.01"/>
  <system-out><![CDATA[]]></system-out>
  <system-err><![CDATA[]]></system-err>
</testsuite>
