<?xml version="1.0" encoding="UTF-8"?>
<testsuite name="com.ldz.tet.shape.debugger.impl.ShapeDebuggerTest" tests="3" skipped="0" failures="0" errors="0" timestamp="2018-01-30T19:34:29" hostname="Loic-PC" time="0.443">
  <properties/>
  <testcase name="render" classname="com.ldz.tet.shape.debugger.impl.ShapeDebuggerTest" time="0.426"/>
  <testcase name="pushDrawEvent" classname="com.ldz.tet.shape.debugger.impl.ShapeDebuggerTest" time="0.008"/>
  <testcase name="test_getInstance" classname="com.ldz.tet.shape.debugger.impl.ShapeDebuggerTest" time="0.003"/>
  <system-out><![CDATA[]]></system-out>
  <system-err><![CDATA[]]></system-err>
</testsuite>
